<?xml version="1.0" encoding="UTF-8"?>
<testng-results ignored="0" total="2" passed="2" failed="0" skipped="0">
  <reporter-output>
  </reporter-output>
  <suite started-at="2024-04-20T12:26:08 IST" name="Default suite" finished-at="2024-04-20T12:26:08 IST" duration-ms="63">
    <groups>
    </groups>
    <test started-at="2024-04-20T12:26:08 IST" name="Default test" finished-at="2024-04-20T12:26:08 IST" duration-ms="63">
      <class name="NEW.Class1Test">
        <test-method signature="method1()[pri:0, instance:NEW.Class1Test@4d5650ae]" started-at="2024-04-20T12:26:08 IST" name="method1" finished-at="2024-04-20T12:26:08 IST" duration-ms="11" status="PASS">
          <reporter-output>
          </reporter-output>
        </test-method> <!-- method1 -->
        <test-method signature="method2()[pri:0, instance:NEW.Class1Test@4d5650ae]" started-at="2024-04-20T12:26:08 IST" name="method2" finished-at="2024-04-20T12:26:08 IST" duration-ms="1" status="PASS">
          <reporter-output>
          </reporter-output>
        </test-method> <!-- method2 -->
      </class> <!-- NEW.Class1Test -->
    </test> <!-- Default test -->
  </suite> <!-- Default suite -->
</testng-results>
